<?xml version="1.0" encoding="UTF-8"?>
<beans xmlns="http://www.springframework.org/schema/beans" xmlns:xsi="http://www.w3.org/2001/XMLSchema-instance"
	xmlns:aop="http://www.springframework.org/schema/aop"
	xsi:schemaLocation="http://www.springframework.org/schema/beans http://www.springframework.org/schema/beans/spring-beans-2.5.xsd
	http://www.springframework.org/schema/aop http://www.springframework.org/schema/aop/spring-aop-2.5.xsd">
	
	<import resource="app/include-all-context.xml"/>
	
	<bean name="taskRunner" class="nl.knaw.dans.easy.tools.TaskRunner">
		<property name="tasks">
			<list>
				<ref bean="testServicesTask" />
			</list>
		</property>
		<property name="reportDir" value="${taskrunner.reportDir}"/>
	</bean>
	
	<bean name="testServicesTask" class="nl.knaw.dans.easy.tools.task.TestServicesTask">
	</bean>
	
	
</beans>